0 info it worked if it ends with ok
1 verbose cli [ '/usr/bin/nodejs',
1 verbose cli   '/usr/lib/node_modules/cnpm/node_modules/.bin/npm',
1 verbose cli   '--userconfig=/home/zhouyu/.cnpmrc',
1 verbose cli   '--disturl=https://npm.taobao.org/mirrors/node',
1 verbose cli   '--registry=https://registry.npm.taobao.org',
1 verbose cli   'run',
1 verbose cli   'import' ]
2 info using npm@3.10.10
3 info using node@v6.9.5
4 verbose run-script [ 'preimport', 'import', 'postimport' ]
5 info lifecycle pokemon@1.0.0~preimport: pokemon@1.0.0
6 silly lifecycle pokemon@1.0.0~preimport: no script for preimport, continuing
7 info lifecycle pokemon@1.0.0~import: pokemon@1.0.0
8 verbose lifecycle pokemon@1.0.0~import: unsafe-perm in lifecycle true
9 verbose lifecycle pokemon@1.0.0~import: PATH: /usr/lib/node_modules/cnpm/node_modules/npm/bin/node-gyp-bin:/home/zhouyu/Web/pokemon/server/node_modules/.bin:/usr/local/bin:/usr/bin:/bin:/usr/local/games:/usr/games
10 verbose lifecycle pokemon@1.0.0~import: CWD: /home/zhouyu/Web/pokemon/server
11 silly lifecycle pokemon@1.0.0~import: Args: [ '-c', 'babel-node ./import/import.js' ]
12 silly lifecycle pokemon@1.0.0~import: Returned: code: 1  signal: null
13 info lifecycle pokemon@1.0.0~import: Failed to exec import script
14 verbose stack Error: pokemon@1.0.0 import: `babel-node ./import/import.js`
14 verbose stack Exit status 1
14 verbose stack     at EventEmitter.<anonymous> (/usr/lib/node_modules/cnpm/node_modules/npm/lib/utils/lifecycle.js:255:16)
14 verbose stack     at emitTwo (events.js:106:13)
14 verbose stack     at EventEmitter.emit (events.js:191:7)
14 verbose stack     at ChildProcess.<anonymous> (/usr/lib/node_modules/cnpm/node_modules/npm/lib/utils/spawn.js:40:14)
14 verbose stack     at emitTwo (events.js:106:13)
14 verbose stack     at ChildProcess.emit (events.js:191:7)
14 verbose stack     at maybeClose (internal/child_process.js:877:16)
14 verbose stack     at Process.ChildProcess._handle.onexit (internal/child_process.js:226:5)
15 verbose pkgid pokemon@1.0.0
16 verbose cwd /home/zhouyu/Web/pokemon/server
17 error Linux 4.9.0-1-amd64
18 error argv "/usr/bin/nodejs" "/usr/lib/node_modules/cnpm/node_modules/.bin/npm" "--userconfig=/home/zhouyu/.cnpmrc" "--disturl=https://npm.taobao.org/mirrors/node" "--registry=https://registry.npm.taobao.org" "run" "import"
19 error node v6.9.5
20 error npm  v3.10.10
21 error code ELIFECYCLE
22 error pokemon@1.0.0 import: `babel-node ./import/import.js`
22 error Exit status 1
23 error Failed at the pokemon@1.0.0 import script 'babel-node ./import/import.js'.
23 error Make sure you have the latest version of node.js and npm installed.
23 error If you do, this is most likely a problem with the pokemon package,
23 error not with npm itself.
23 error Tell the author that this fails on your system:
23 error     babel-node ./import/import.js
23 error You can get information on how to open an issue for this project with:
23 error     npm bugs pokemon
23 error Or if that isn't available, you can get their info via:
23 error     npm owner ls pokemon
23 error There is likely additional logging output above.
24 verbose exit [ 1, true ]
